<?xml version="1.0" encoding="UTF-8"?>
<!-- Generated by org.testng.reporters.JUnitReportReporter -->
<testsuite hostname="CBT-024" name="jenkins.TestJenkins" tests="2" failures="0" timestamp="13 Aug 2016 12:58:32 GMT" time="32.422" errors="0">
  <testcase name="testingJenkins" time="14.688" classname="jenkins.TestJenkins"/>
  <testcase name="testingJenkinsAsFail" time="17.734" classname="jenkins.TestJenkins"/>
</testsuite> <!-- jenkins.TestJenkins -->
